2024-09-09 12:00:01 Error 404: Page not found
2024-09-09 12:00:01 Status 200: OK
2024-09-10 08:15:23 Error 500: Internal Server Error
2024-09-10 09:30:47 Status 404: Not Found
2024-09-10 10:00:02 Error 403: Forbidden
2024-09-10 11:45:15 Status 200: OK
2024-09-10 12:05:37 Error 502: Bad Gateway
2024-09-10 12:30:01 Status 503: Service Unavailable
2024-09-10 13:00:12 Error 400: Bad Request
2024-09-10 14:00:09 Status 408: Request Timeout
2024-09-10 15:10:05 Error 500: Internal Server Error
2024-09-10 16:20:21 Status 200: OK
2024-09-10 17:35:42 Error 404: Page Not Found
2024-09-10 18:15:59 Status 202: Accepted
2024-09-10 19:05:04 Error 501: Not Implemented
2024-09-10 20:30:45 Status 504: Gateway Timeout
2024-09-10 21:12:00 Error 502: Bad Gateway
2024-09-10 22:50:11 Status 503: Service Unavailable
2024-09-10 23:45:33 Error 403: Forbidden
2024-09-11 00:15:23 Status 200: OK
2024-09-11 01:20:04 Error 400: Bad Request
2024-09-11 02:30:07 Status 404: Not Found